C:\USERS\BR31133\DOCUMENTS\VISUAL STUDIO 2010\PROJECTS\FRAMEWORK653\FRAMEWORK653\DEBUG\ADISYMBOLS.OBJ
C:\USERS\BR31133\DOCUMENTS\VISUAL STUDIO 2010\PROJECTS\FRAMEWORK653\FRAMEWORK653\DEBUG\ALTITUDESYMBOLS.OBJ
C:\USERS\BR31133\DOCUMENTS\VISUAL STUDIO 2010\PROJECTS\FRAMEWORK653\FRAMEWORK653\DEBUG\BOOLVECT2INT_DIGITAL_19.OBJ
C:\USERS\BR31133\DOCUMENTS\VISUAL STUDIO 2010\PROJECTS\FRAMEWORK653\FRAMEWORK653\DEBUG\BOOLVECT2INT_DIGITAL_2.OBJ
C:\USERS\BR31133\DOCUMENTS\VISUAL STUDIO 2010\PROJECTS\FRAMEWORK653\FRAMEWORK653\DEBUG\BOOLVECT2INT_DIGITAL_8.OBJ
c:\Users\br31133\documents\visual studio 2010\Projects\Framework653\Framework653\Debug\cl.command.1.tlog
c:\Users\br31133\documents\visual studio 2010\Projects\Framework653\Framework653\Debug\CL.read.1.tlog
c:\Users\br31133\documents\visual studio 2010\Projects\Framework653\Framework653\Debug\CL.write.1.tlog
C:\USERS\BR31133\DOCUMENTS\VISUAL STUDIO 2010\PROJECTS\FRAMEWORK653\FRAMEWORK653\DEBUG\DECODELABEL.OBJ
C:\USERS\BR31133\DOCUMENTS\VISUAL STUDIO 2010\PROJECTS\FRAMEWORK653\FRAMEWORK653\DEBUG\DISPLAYMANAGER.OBJ
c:\Users\br31133\documents\visual studio 2010\Projects\Framework653\Framework653\Debug\Framework653.vcxprojResolveAssemblyReference.cache
c:\Users\br31133\documents\visual studio 2010\Projects\Framework653\Framework653\Debug\Framework653.write.1.tlog
C:\USERS\BR31133\DOCUMENTS\VISUAL STUDIO 2010\PROJECTS\FRAMEWORK653\FRAMEWORK653\DEBUG\GETDATA.OBJ
C:\USERS\BR31133\DOCUMENTS\VISUAL STUDIO 2010\PROJECTS\FRAMEWORK653\FRAMEWORK653\DEBUG\GETLABELNUMBER.OBJ
C:\USERS\BR31133\DOCUMENTS\VISUAL STUDIO 2010\PROJECTS\FRAMEWORK653\FRAMEWORK653\DEBUG\GETSSM.OBJ
C:\USERS\BR31133\DOCUMENTS\VISUAL STUDIO 2010\PROJECTS\FRAMEWORK653\FRAMEWORK653\DEBUG\GPSMANAGER.OBJ
C:\USERS\BR31133\DOCUMENTS\VISUAL STUDIO 2010\PROJECTS\FRAMEWORK653\FRAMEWORK653\DEBUG\INT2BOOLVECT_DIGITAL_32.OBJ
C:\USERS\BR31133\DOCUMENTS\VISUAL STUDIO 2010\PROJECTS\FRAMEWORK653\FRAMEWORK653\DEBUG\INT2BOOLVECTELT_DIGITAL.OBJ
C:\USERS\BR31133\DOCUMENTS\VISUAL STUDIO 2010\PROJECTS\FRAMEWORK653\FRAMEWORK653\DEBUG\IOMANAGER.OBJ
C:\USERS\BR31133\DOCUMENTS\VISUAL STUDIO 2010\PROJECTS\FRAMEWORK653\FRAMEWORK653\DEBUG\IRSMANAGER.OBJ
C:\USERS\BR31133\DOCUMENTS\VISUAL STUDIO 2010\PROJECTS\FRAMEWORK653\FRAMEWORK653\DEBUG\KCG_CONSTS.OBJ
C:\USERS\BR31133\DOCUMENTS\VISUAL STUDIO 2010\PROJECTS\FRAMEWORK653\FRAMEWORK653\DEBUG\KCG_TYPES.OBJ
C:\USERS\BR31133\DOCUMENTS\VISUAL STUDIO 2010\PROJECTS\FRAMEWORK653\FRAMEWORK653\DEBUG\SPEEDSYMBOLS.OBJ
c:\Users\br31133\documents\visual studio 2010\Projects\Framework653\Framework653\Debug\vc100.idb
C:\USERS\BR31133\DOCUMENTS\VISUAL STUDIO 2010\PROJECTS\FRAMEWORK653\FRAMEWORK653\DEBUG\VC100.PDB
C:\USERS\BR31133\DOCUMENTS\VISUAL STUDIO 2010\PROJECTS\FRAMEWORK653\FRAMEWORK653\DEBUG\WARNINGSYMBOLS.OBJ
